{
  "stats": {
    "suites": 1,
    "tests": 8,
    "passes": 8,
    "pending": 0,
    "failures": 0,
    "start": "2025-04-08T00:51:49.735Z",
    "end": "2025-04-08T00:52:09.187Z",
    "duration": 19452,
    "testsRegistered": 8,
    "passPercent": 100,
    "pendingPercent": 0,
    "other": 0,
    "hasOther": false,
    "skipped": 0,
    "hasSkipped": false
  },
  "results": [
    {
      "uuid": "f9f8302a-a3cd-45d9-aaa8-5bce9a16ad33",
      "title": "",
      "fullFile": "cypress\\e2e\\OrangeHRM\\1.Login.cy.js",
      "file": "cypress\\e2e\\OrangeHRM\\1.Login.cy.js",
      "beforeHooks": [],
      "afterHooks": [],
      "tests": [],
      "suites": [
        {
          "uuid": "b1c5ab51-338c-4ae2-ad40-6cc80bb41948",
          "title": "Login functionality",
          "fullFile": "",
          "file": "",
          "beforeHooks": [],
          "afterHooks": [],
          "tests": [
            {
              "title": "Incorrect login",
              "fullTitle": "Login functionality Incorrect login",
              "timedOut": null,
              "duration": 3742,
              "state": "passed",
              "speed": "fast",
              "pass": true,
              "fail": false,
              "pending": false,
              "context": null,
              "code": "cy.login(logindata.login.username.wrong, logindata.login.password.wrong);\ncy.url().should('include', 'web/index.php/auth/login');\ncy.get('.oxd-alert-content--error').should(\"be.visible\");",
              "err": {},
              "uuid": "d45283d9-c2cd-4b77-aaee-1602b39d4b2f",
              "parentUUID": "b1c5ab51-338c-4ae2-ad40-6cc80bb41948",
              "isHook": false,
              "skipped": false
            },
            {
              "title": "Login attempt with empty username and password",
              "fullTitle": "Login functionality Login attempt with empty username and password",
              "timedOut": null,
              "duration": 703,
              "state": "passed",
              "speed": "fast",
              "pass": true,
              "fail": false,
              "pending": false,
              "context": null,
              "code": "cy.visit(\"/\");\n_PageObjectModel.loginPage.submit.click();\ncy.url().should('include', 'web/index.php/auth/login');\n_PageObjectModel.loginPage.username.should('have.css', 'border-color', 'rgb(235, 9, 16)');\n_PageObjectModel.loginPage.errorMessage.eq(0).invoke('text').then(text => {\n  expect(text).to.equal(\"Required\");\n});\n_PageObjectModel.loginPage.password.should('have.css', 'border-color', 'rgb(235, 9, 16)');\n_PageObjectModel.loginPage.errorMessage.eq(1).invoke('text').then(text => {\n  expect(text).to.equal(\"Required\");\n});",
              "err": {},
              "uuid": "efc4f0e8-00b8-469f-a974-b0991c5430c5",
              "parentUUID": "b1c5ab51-338c-4ae2-ad40-6cc80bb41948",
              "isHook": false,
              "skipped": false
            },
            {
              "title": "Login with only username entered",
              "fullTitle": "Login functionality Login with only username entered",
              "timedOut": null,
              "duration": 881,
              "state": "passed",
              "speed": "fast",
              "pass": true,
              "fail": false,
              "pending": false,
              "context": null,
              "code": "cy.visit(\"/\");\n_PageObjectModel.loginPage.username.click().type(logindata.login.username.correct);\n_PageObjectModel.loginPage.submit.click();\ncy.url().should('include', 'web/index.php/auth/login');\n_PageObjectModel.loginPage.username.should('not.have.css', 'border-color', 'rgb(235, 9, 16)');\n_PageObjectModel.loginPage.password.should('have.css', 'border-color', 'rgb(235, 9, 16)');\n_PageObjectModel.loginPage.errorMessage.eq(0).invoke('text').then(text => {\n  expect(text).to.equal(\"Required\");\n});",
              "err": {},
              "uuid": "cd40e9c2-9ebc-4748-9716-899d587147c4",
              "parentUUID": "b1c5ab51-338c-4ae2-ad40-6cc80bb41948",
              "isHook": false,
              "skipped": false
            },
            {
              "title": "Login with only password entered",
              "fullTitle": "Login functionality Login with only password entered",
              "timedOut": null,
              "duration": 1037,
              "state": "passed",
              "speed": "fast",
              "pass": true,
              "fail": false,
              "pending": false,
              "context": null,
              "code": "cy.visit(\"/\");\n_PageObjectModel.loginPage.password.click().type(logindata.login.password.correct);\n_PageObjectModel.loginPage.submit.click();\ncy.url().should('include', 'web/index.php/auth/login');\n_PageObjectModel.loginPage.password.should('not.have.css', 'border-color', 'rgb(235, 9, 16)');\n_PageObjectModel.loginPage.username.should('have.css', 'border-color', 'rgb(235, 9, 16)');\n_PageObjectModel.loginPage.errorMessage.eq(0).invoke('text').then(text => {\n  expect(text).to.equal(\"Required\");\n});",
              "err": {},
              "uuid": "14775be9-c78f-45e1-a459-2f03da74b09b",
              "parentUUID": "b1c5ab51-338c-4ae2-ad40-6cc80bb41948",
              "isHook": false,
              "skipped": false
            },
            {
              "title": "Correct login",
              "fullTitle": "Login functionality Correct login",
              "timedOut": null,
              "duration": 2105,
              "state": "passed",
              "speed": "fast",
              "pass": true,
              "fail": false,
              "pending": false,
              "context": null,
              "code": "cy.login(logindata.login.username.correct, logindata.login.password.correct);\ncy.url().should('include', 'web/index.php/dashboard/index');",
              "err": {},
              "uuid": "cf69c9c2-4ad2-49b2-9264-39bc502375a2",
              "parentUUID": "b1c5ab51-338c-4ae2-ad40-6cc80bb41948",
              "isHook": false,
              "skipped": false
            },
            {
              "title": "Log out",
              "fullTitle": "Login functionality Log out",
              "timedOut": null,
              "duration": 4334,
              "state": "passed",
              "speed": "fast",
              "pass": true,
              "fail": false,
              "pending": false,
              "context": null,
              "code": "cy.login(logindata.login.username.correct, logindata.login.password.correct);\ncy.get(\".oxd-userdropdown\").click().wait(1000).contains(\"Logout\").click();\ncy.url().should('include', 'web/index.php/auth/login');",
              "err": {},
              "uuid": "3e2a6f9e-48d1-4680-bf5c-5094c4f36252",
              "parentUUID": "b1c5ab51-338c-4ae2-ad40-6cc80bb41948",
              "isHook": false,
              "skipped": false
            },
            {
              "title": "Redirects to login page after session is cleared via cookies",
              "fullTitle": "Login functionality Redirects to login page after session is cleared via cookies",
              "timedOut": null,
              "duration": 3668,
              "state": "passed",
              "speed": "fast",
              "pass": true,
              "fail": false,
              "pending": false,
              "context": null,
              "code": "cy.login(logindata.login.username.correct, logindata.login.password.correct);\ncy.wait(500);\ncy.clearCookies();\ncy.reload().wait(500);\ncy.url().should('include', 'web/index.php/auth/login');",
              "err": {},
              "uuid": "8e6085be-1754-4a5b-9b72-25c858393dd8",
              "parentUUID": "b1c5ab51-338c-4ae2-ad40-6cc80bb41948",
              "isHook": false,
              "skipped": false
            },
            {
              "title": "Logged-in user is not allowed to access login page directly",
              "fullTitle": "Login functionality Logged-in user is not allowed to access login page directly",
              "timedOut": null,
              "duration": 2799,
              "state": "passed",
              "speed": "fast",
              "pass": true,
              "fail": false,
              "pending": false,
              "context": null,
              "code": "cy.login(logindata.login.username.correct, logindata.login.password.correct);\ncy.url().should('include', 'web/index.php/dashboard/index');\ncy.wrap(null).then(() => {\n  cy.visit(\"/\");\n});\ncy.url().should(\"not.include\", \"web/index.php/auth/login\");\ncy.url().should('include', 'web/index.php/dashboard/index');",
              "err": {},
              "uuid": "8ba2832f-3887-4009-ad74-3772c2f145ba",
              "parentUUID": "b1c5ab51-338c-4ae2-ad40-6cc80bb41948",
              "isHook": false,
              "skipped": false
            }
          ],
          "suites": [],
          "passes": [
            "d45283d9-c2cd-4b77-aaee-1602b39d4b2f",
            "efc4f0e8-00b8-469f-a974-b0991c5430c5",
            "cd40e9c2-9ebc-4748-9716-899d587147c4",
            "14775be9-c78f-45e1-a459-2f03da74b09b",
            "cf69c9c2-4ad2-49b2-9264-39bc502375a2",
            "3e2a6f9e-48d1-4680-bf5c-5094c4f36252",
            "8e6085be-1754-4a5b-9b72-25c858393dd8",
            "8ba2832f-3887-4009-ad74-3772c2f145ba"
          ],
          "failures": [],
          "pending": [],
          "skipped": [],
          "duration": 19269,
          "root": false,
          "rootEmpty": false,
          "_timeout": 2000
        }
      ],
      "passes": [],
      "failures": [],
      "pending": [],
      "skipped": [],
      "duration": 0,
      "root": true,
      "rootEmpty": true,
      "_timeout": 2000
    }
  ],
  "meta": {
    "mocha": {
      "version": "7.0.1"
    },
    "mochawesome": {
      "options": {
        "quiet": false,
        "reportFilename": "mochawesome",
        "saveHtml": false,
        "saveJson": true,
        "consoleReporter": "spec",
        "useInlineDiffs": false,
        "code": true
      },
      "version": "7.1.3"
    },
    "marge": {
      "options": {
        "reportDir": "cypress/reports",
        "overwrite": false,
        "html": false,
        "json": true
      },
      "version": "6.2.0"
    }
  }
}